[2025-12-23 16:28:48] INFO in logger_config: Application startup
[2025-12-23 16:29:41] INFO in logger_config: Application startup
[2025-12-23 16:31:36] INFO in logger_config: Application startup
[2025-12-23 16:33:50] INFO in logger_config: Application startup
[2025-12-23 16:35:29] INFO in logger_config: Application startup
[2025-12-23 16:36:21] INFO in logger_config: Application startup
[2025-12-23 16:36:49] INFO in logger_config: Application startup
[2025-12-23 16:37:13] INFO in logger_config: Application startup
[2025-12-23 16:39:11] INFO in logger_config: Application startup
[2025-12-23 16:39:18] INFO in logger_config: Application startup
[2025-12-23 16:39:27] INFO in logger_config: Application startup
[2025-12-23 16:39:35] INFO in logger_config: Application startup
[2025-12-23 16:39:39] INFO in logger_config: Application startup
[2025-12-23 16:39:48] INFO in logger_config: Application startup
[2025-12-23 16:39:48] INFO in security_utils: Audit: User 1 LOGIN USER 1
[2025-12-23 16:39:48] INFO in auth: Successful login: test@example.com
[2025-12-23 16:39:55] INFO in logger_config: Application startup
[2025-12-23 16:40:28] INFO in logger_config: Application startup
[2025-12-23 16:41:51] INFO in logger_config: Application startup
[2025-12-23 16:42:35] INFO in logger_config: Application startup
[2025-12-23 16:42:48] INFO in logger_config: Application startup
[2025-12-23 16:44:18] INFO in logger_config: Application startup
[2025-12-23 16:46:14] INFO in logger_config: Application startup
[2025-12-23 16:46:46] INFO in logger_config: Application startup
[2025-12-23 16:47:28] INFO in logger_config: Application startup
[2025-12-23 16:47:29] INFO in logger_config: Application startup
[2025-12-23 16:48:32] INFO in logger_config: Application startup
[2025-12-23 16:49:08] INFO in logger_config: Application startup
[2025-12-23 16:49:08] INFO in logger_config: Application startup
[2025-12-23 16:50:22] INFO in logger_config: Application startup
[2025-12-23 16:50:37] INFO in logger_config: Application startup
[2025-12-23 16:50:38] INFO in logger_config: Application startup
[2025-12-23 16:51:45] INFO in logger_config: Application startup
[2025-12-23 16:51:46] INFO in logger_config: Application startup
[2025-12-23 16:52:22] INFO in logger_config: Application startup
[2025-12-23 16:54:03] INFO in logger_config: Application startup
[2025-12-23 16:54:04] INFO in logger_config: Application startup
[2025-12-23 16:59:49] INFO in logger_config: Application startup
[2025-12-23 16:59:50] INFO in logger_config: Application startup
[2025-12-23 17:06:32] INFO in logger_config: Application startup
[2025-12-23 17:06:33] INFO in logger_config: Application startup
[2025-12-23 17:06:42] WARNING in auth: Login attempt with non-existent email: email@gmail.com
[2025-12-23 17:06:56] INFO in security_utils: Audit: User 2 SIGNUP USER 2
[2025-12-23 17:06:56] INFO in auth: New account created: email@gmail.com
[2025-12-23 17:08:02] INFO in security_utils: Audit: User 2 LOGOUT USER 2
[2025-12-23 17:08:02] INFO in auth: User logout: email@gmail.com
[2025-12-23 17:08:38] INFO in security_utils: Audit: User 3 SIGNUP USER 3
[2025-12-23 17:08:38] INFO in auth: New account created: hoi@gmail.com
[2025-12-23 17:09:32] INFO in security_utils: Audit: User 3 CREATE PROJECT 1
[2025-12-23 17:09:32] INFO in views: Project created by hoi@gmail.com: 1
[2025-12-23 17:09:37] INFO in security_utils: Audit: User 3 UPDATE PROJECT 1
[2025-12-23 17:09:37] INFO in views: Project updated by hoi@gmail.com: 1
[2025-12-23 17:09:37] INFO in security_utils: Audit: User 3 CREATE PROJECT 2
[2025-12-23 17:09:37] INFO in views: Project created by hoi@gmail.com: 2
[2025-12-23 17:09:48] INFO in security_utils: Audit: User 3 UPDATE PROJECT 1
[2025-12-23 17:09:48] INFO in views: Project updated by hoi@gmail.com: 1
[2025-12-23 17:09:48] INFO in security_utils: Audit: User 3 CREATE PROJECT 3
[2025-12-23 17:09:48] INFO in views: Project created by hoi@gmail.com: 3
[2025-12-23 17:10:01] INFO in security_utils: Audit: User 3 DELETE PROJECT 1
[2025-12-23 17:10:01] INFO in views: Project deleted by hoi@gmail.com: 1
[2025-12-23 17:10:20] INFO in security_utils: Audit: User 3 LOGOUT USER 3
[2025-12-23 17:10:20] INFO in auth: User logout: hoi@gmail.com
[2025-12-23 17:11:02] INFO in security_utils: Audit: User 4 SIGNUP USER 4
[2025-12-23 17:11:02] INFO in auth: New account created: hi@gmail.com
[2025-12-23 17:11:39] INFO in security_utils: Audit: User 4 CREATE PROJECT 4
[2025-12-23 17:11:39] INFO in views: Project created by hi@gmail.com: 4
[2025-12-23 17:11:50] INFO in security_utils: Audit: User 4 UPDATE PROJECT 4
[2025-12-23 17:11:50] INFO in views: Project updated by hi@gmail.com: 4
[2025-12-23 17:11:50] INFO in security_utils: Audit: User 4 CREATE PROJECT 5
[2025-12-23 17:11:50] INFO in views: Project created by hi@gmail.com: 5
[2025-12-23 17:12:06] INFO in security_utils: Audit: User 4 LOGOUT USER 4
[2025-12-23 17:12:06] INFO in auth: User logout: hi@gmail.com
[2025-12-23 17:12:11] INFO in security_utils: Audit: User 2 LOGIN USER 2
[2025-12-23 17:12:11] INFO in auth: Successful login: email@gmail.com
[2025-12-23 17:12:33] INFO in security_utils: Audit: User 2 CREATE PROJECT 6
[2025-12-23 17:12:33] INFO in views: Project created by email@gmail.com: 6
[2025-12-23 17:12:38] INFO in security_utils: Audit: User 2 UPDATE PROJECT 6
[2025-12-23 17:12:38] INFO in views: Project updated by email@gmail.com: 6
[2025-12-23 17:12:38] INFO in security_utils: Audit: User 2 CREATE PROJECT 7
[2025-12-23 17:12:38] INFO in views: Project created by email@gmail.com: 7
[2025-12-25 12:26:54] INFO in logger_config: Application startup
[2025-12-25 12:26:56] INFO in logger_config: Application startup
[2025-12-25 12:27:21] INFO in security_utils: Audit: User 2 LOGIN USER 2
[2025-12-25 12:27:21] INFO in auth: Successful login: email@gmail.com
[2025-12-25 12:31:14] INFO in logger_config: Application startup
[2025-12-25 12:31:20] INFO in security_utils: Audit: User 2 LOGIN USER 2
[2025-12-25 12:31:20] INFO in auth: Successful login: email@gmail.com
[2025-12-25 12:54:50] INFO in logger_config: Application startup
[2025-12-25 12:54:54] INFO in logger_config: Application startup
[2025-12-25 12:54:58] INFO in logger_config: Application startup
[2025-12-25 12:55:03] INFO in logger_config: Application startup
[2025-12-25 12:56:16] INFO in logger_config: Application startup
[2025-12-25 12:56:49] INFO in security_utils: Audit: User 2 LOGIN USER 2
[2025-12-25 12:56:49] INFO in auth: Successful login: email@gmail.com
[2025-12-25 13:01:46] INFO in security_utils: Audit: User 2 LOGOUT USER 2
[2025-12-25 13:01:46] INFO in auth: User logout: email@gmail.com
[2025-12-25 13:22:48] INFO in logger_config: Application startup
[2025-12-25 13:26:38] INFO in logger_config: Application startup
[2025-12-25 13:30:31] INFO in logger_config: Application startup
[2025-12-25 13:31:38] INFO in security_utils: Audit: User 5 SIGNUP USER 5
[2025-12-25 13:31:38] INFO in auth: New account created: ewa@gmail.com
[2025-12-25 13:34:36] INFO in logger_config: Application startup
[2025-12-25 13:34:45] INFO in security_utils: Audit: User 5 LOGIN USER 5
[2025-12-25 13:34:45] INFO in auth: Successful login: ewa@gmail.com
[2025-12-25 13:35:46] INFO in security_utils: Audit: User 5 CREATE PROJECT 10
[2025-12-25 13:35:46] INFO in views: Project created by ewa@gmail.com: 10
[2025-12-25 13:35:56] INFO in security_utils: Audit: User 5 UPDATE PROJECT 10
[2025-12-25 13:35:56] INFO in views: Project updated by ewa@gmail.com: 10
[2025-12-25 13:35:56] INFO in security_utils: Audit: User 5 CREATE PROJECT 11
[2025-12-25 13:35:56] INFO in views: Project created by ewa@gmail.com: 11
[2025-12-25 13:47:42] INFO in logger_config: Application startup
[2025-12-25 13:47:56] INFO in security_utils: Audit: User 2 LOGIN USER 2
[2025-12-25 13:47:56] INFO in auth: Successful login: email@gmail.com
[2025-12-25 14:10:10] INFO in logger_config: Application startup
[2025-12-25 14:10:17] INFO in security_utils: Audit: User 2 LOGIN USER 2
[2025-12-25 14:10:17] INFO in auth: Successful login: email@gmail.com
[2025-12-25 14:11:53] INFO in logger_config: Application startup
[2025-12-25 14:12:04] INFO in security_utils: Audit: User 2 LOGIN USER 2
[2025-12-25 14:12:04] INFO in auth: Successful login: email@gmail.com
[2025-12-25 14:12:49] ERROR in app: Exception on /handleiding [GET]
Traceback (most recent call last):
  File "C:\Users\mauri\AppData\Local\Programs\Python\Python313\Lib\site-packages\flask\app.py", line 1455, in wsgi_app
    response = self.full_dispatch_request()
  File "C:\Users\mauri\AppData\Local\Programs\Python\Python313\Lib\site-packages\flask\app.py", line 869, in full_dispatch_request
    rv = self.handle_user_exception(e)
  File "C:\Users\mauri\AppData\Local\Programs\Python\Python313\Lib\site-packages\flask\app.py", line 867, in full_dispatch_request
    rv = self.dispatch_request()
  File "C:\Users\mauri\AppData\Local\Programs\Python\Python313\Lib\site-packages\flask\app.py", line 852, in dispatch_request
    return self.ensure_sync(self.view_functions[rule.endpoint])(**view_args)
           ~~~~~~~~~~~~~~~~~~~~~~~~~~~~~~~~~~~~~~~~~~~~~~~~~~~~^^^^^^^^^^^^^
  File "c:\Users\mauri\IdeaProjects\PythonProject\auth.py", line 147, in handleiding
    return render_template("handleiding.html", user=current_user)
  File "C:\Users\mauri\AppData\Local\Programs\Python\Python313\Lib\site-packages\flask\templating.py", line 151, in render_template
    template = app.jinja_env.get_or_select_template(template_name_or_list)
  File "C:\Users\mauri\AppData\Local\Programs\Python\Python313\Lib\site-packages\jinja2\environment.py", line 1081, in get_or_select_template
    return self.get_template(template_name_or_list, parent, globals)
           ~~~~~~~~~~~~~~~~~^^^^^^^^^^^^^^^^^^^^^^^^^^^^^^^^^^^^^^^^
  File "C:\Users\mauri\AppData\Local\Programs\Python\Python313\Lib\site-packages\jinja2\environment.py", line 1010, in get_template
    return self._load_template(name, globals)
           ~~~~~~~~~~~~~~~~~~~^^^^^^^^^^^^^^^
  File "C:\Users\mauri\AppData\Local\Programs\Python\Python313\Lib\site-packages\jinja2\environment.py", line 969, in _load_template
    template = self.loader.load(self, name, self.make_globals(globals))
  File "C:\Users\mauri\AppData\Local\Programs\Python\Python313\Lib\site-packages\jinja2\loaders.py", line 138, in load
    code = environment.compile(source, name, filename)
  File "C:\Users\mauri\AppData\Local\Programs\Python\Python313\Lib\site-packages\jinja2\environment.py", line 768, in compile
    self.handle_exception(source=source_hint)
    ~~~~~~~~~~~~~~~~~~~~~^^^^^^^^^^^^^^^^^^^^
  File "C:\Users\mauri\AppData\Local\Programs\Python\Python313\Lib\site-packages\jinja2\environment.py", line 936, in handle_exception
    raise rewrite_traceback_stack(source=source)
  File "c:\Users\mauri\IdeaProjects\PythonProject\templates\handleiding.html", line 4, in template
    {% block content %}
jinja2.exceptions.TemplateSyntaxError: Unexpected end of template. Jinja was looking for the following tags: 'endblock'. The innermost block that needs to be closed is 'block'.
[2025-12-25 15:48:54] INFO in logger_config: Application startup
[2025-12-25 15:49:06] WARNING in auth: Failed login attempt for email: email@gmail.com
[2025-12-25 15:49:11] INFO in security_utils: Audit: User 2 LOGIN USER 2
[2025-12-25 15:49:11] INFO in auth: Successful login: email@gmail.com
[2025-12-25 16:28:53] INFO in logger_config: Application startup
[2025-12-25 16:29:06] INFO in security_utils: Audit: User 2 LOGIN USER 2
[2025-12-25 16:29:06] INFO in auth: Successful login: email@gmail.com
[2025-12-25 16:34:25] INFO in logger_config: Application startup
[2025-12-25 16:34:32] INFO in security_utils: Audit: User 2 LOGIN USER 2
[2025-12-25 16:34:32] INFO in auth: Successful login: email@gmail.com
[2025-12-25 16:37:59] INFO in logger_config: Application startup
[2025-12-25 16:38:11] WARNING in auth: Failed login attempt for email: email@gmail.com
[2025-12-25 16:39:47] INFO in logger_config: Application startup
[2025-12-25 16:41:05] INFO in logger_config: Application startup
[2025-12-25 16:42:16] INFO in logger_config: Application startup
[2025-12-25 16:42:28] INFO in logger_config: Application startup
[2025-12-25 16:42:29] INFO in logger_config: Application startup
[2025-12-25 16:42:44] INFO in security_utils: Audit: User 2 LOGIN USER 2
[2025-12-25 16:42:44] INFO in auth: Successful login: email@gmail.com
[2025-12-25 16:55:36] INFO in logger_config: Application startup
[2025-12-25 16:55:37] INFO in logger_config: Application startup
[2025-12-25 17:07:23] WARNING in auth: Failed login attempt for email: email@gmail.com
[2025-12-25 17:07:33] INFO in security_utils: Audit: User 2 LOGIN USER 2
[2025-12-25 17:07:33] INFO in auth: Successful login: email@gmail.com
[2025-12-25 17:39:42] INFO in logger_config: Application startup
[2025-12-25 17:39:55] INFO in security_utils: Audit: User 2 LOGIN USER 2
[2025-12-25 17:39:55] INFO in auth: Successful login: email@gmail.com
[2025-12-25 17:44:10] INFO in logger_config: Application startup
[2025-12-25 17:45:33] WARNING in auth: Failed login attempt for email: email@gmail.com
[2025-12-25 17:45:41] INFO in security_utils: Audit: User 2 LOGIN USER 2
[2025-12-25 17:45:41] INFO in auth: Successful login: email@gmail.com
[2025-12-25 17:49:45] INFO in logger_config: Application startup
[2025-12-25 17:51:01] INFO in logger_config: Application startup
[2025-12-25 17:51:18] INFO in security_utils: Audit: User 2 LOGIN USER 2
[2025-12-25 17:51:18] INFO in auth: Successful login: email@gmail.com
[2025-12-26 19:54:41] INFO in logger_config: Application startup
[2025-12-26 19:54:42] INFO in logger_config: Application startup
[2025-12-26 19:54:57] INFO in security_utils: Audit: User 2 LOGIN USER 2
[2025-12-26 19:54:57] INFO in auth: Successful login: email@gmail.com
[2025-12-26 19:55:38] INFO in security_utils: Audit: User 2 UPDATE PROJECT 6
[2025-12-26 19:55:38] INFO in views: Project updated by email@gmail.com: 6
[2025-12-26 19:55:48] INFO in security_utils: Audit: User 2 UPDATE PROJECT 7
[2025-12-26 19:55:48] INFO in views: Project updated by email@gmail.com: 7
[2025-12-26 20:00:45] INFO in logger_config: Application startup
[2025-12-26 20:00:47] INFO in logger_config: Application startup
[2025-12-26 20:01:01] INFO in security_utils: Audit: User 2 LOGIN USER 2
[2025-12-26 20:01:01] INFO in auth: Successful login: email@gmail.com
[2025-12-26 21:06:37] INFO in logger_config: Application startup
[2025-12-26 21:06:38] INFO in logger_config: Application startup
[2025-12-26 21:06:47] WARNING in auth: Failed login attempt for email: email@gmail.com
[2025-12-26 21:06:53] INFO in security_utils: Audit: User 2 LOGIN USER 2
[2025-12-26 21:06:53] INFO in auth: Successful login: email@gmail.com
[2025-12-26 21:40:46] INFO in security_utils: Audit: User 2 DELETE PROJECT 6
[2025-12-26 21:40:46] INFO in views: Project deleted by email@gmail.com: 6
[2025-12-28 13:26:16] INFO in logger_config: Application startup
[2025-12-28 13:26:17] INFO in logger_config: Application startup
[2025-12-28 13:26:25] INFO in security_utils: Audit: Gebruiker 2 voerde LOGIN uit op USER 2
[2025-12-28 13:26:25] INFO in auth: Succesvolle login: email@gmail.com
[2025-12-28 13:26:39] INFO in security_utils: Audit: Gebruiker 2 voerde UPDATE uit op PROJECT 16
[2025-12-28 13:26:49] INFO in security_utils: Audit: Gebruiker 2 voerde UPDATE uit op PROJECT 15
[2025-12-28 13:27:22] INFO in security_utils: Audit: Gebruiker 2 voerde DELETE uit op PROJECT 13
[2025-12-28 13:27:22] INFO in views: Project verwijderd door email@gmail.com: 13
[2025-12-28 13:27:31] INFO in security_utils: Audit: Gebruiker 2 voerde DELETE uit op PROJECT 12
[2025-12-28 13:27:31] INFO in views: Project verwijderd door email@gmail.com: 12
[2025-12-28 13:27:41] INFO in security_utils: Audit: Gebruiker 2 voerde UPDATE uit op PROJECT 15
[2025-12-28 13:27:51] INFO in security_utils: Audit: Gebruiker 2 voerde UPDATE uit op PROJECT 15
[2025-12-28 13:29:06] INFO in logger_config: Application startup
[2025-12-28 13:29:06] INFO in logger_config: Application startup
[2025-12-28 13:29:12] INFO in security_utils: Audit: Gebruiker 2 voerde LOGIN uit op USER 2
[2025-12-28 13:29:12] INFO in auth: Succesvolle login: email@gmail.com
[2025-12-28 13:43:13] INFO in logger_config: Application startup
[2025-12-28 13:43:14] INFO in logger_config: Application startup
[2025-12-28 13:50:28] INFO in logger_config: Application startup
[2025-12-28 13:51:08] INFO in security_utils: Audit: Gebruiker 2 voerde LOGIN uit op USER 2
[2025-12-28 13:51:08] INFO in auth: Succesvolle login: email@gmail.com
[2025-12-28 14:27:09] INFO in security_utils: Audit: Gebruiker 2 voerde DELETE uit op PROJECT 21
[2025-12-28 14:27:09] INFO in views: Project verwijderd door email@gmail.com: 21
[2025-12-28 14:27:12] INFO in security_utils: Audit: Gebruiker 2 voerde DELETE uit op PROJECT 20
[2025-12-28 14:27:12] INFO in views: Project verwijderd door email@gmail.com: 20
[2025-12-28 14:27:15] INFO in security_utils: Audit: Gebruiker 2 voerde DELETE uit op PROJECT 19
[2025-12-28 14:27:15] INFO in views: Project verwijderd door email@gmail.com: 19
[2025-12-28 14:27:19] INFO in security_utils: Audit: Gebruiker 2 voerde DELETE uit op PROJECT 18
[2025-12-28 14:27:19] INFO in views: Project verwijderd door email@gmail.com: 18
[2025-12-28 14:27:21] INFO in security_utils: Audit: Gebruiker 2 voerde DELETE uit op PROJECT 17
[2025-12-28 14:27:21] INFO in views: Project verwijderd door email@gmail.com: 17
[2025-12-28 14:41:45] INFO in logger_config: Application startup
[2025-12-28 14:41:46] INFO in logger_config: Application startup
[2025-12-28 14:41:56] INFO in security_utils: Audit: Gebruiker 2 voerde LOGIN uit op USER 2
[2025-12-28 14:41:56] INFO in auth: Succesvolle login: email@gmail.com
[2025-12-28 18:13:28] INFO in logger_config: Application startup
[2025-12-28 18:13:30] INFO in logger_config: Application startup
[2025-12-28 18:14:54] INFO in security_utils: Audit: Gebruiker 6 voerde SIGNUP uit op USER 6
[2025-12-28 18:14:54] INFO in auth: Nieuw account aangemaakt: david@gmail.com
[2025-12-28 18:16:34] INFO in security_utils: Audit: Gebruiker 6 voerde CREATE uit op PROJECT 20
[2025-12-28 18:19:59] INFO in security_utils: Audit: Gebruiker 6 voerde LOGOUT uit op USER 6
[2025-12-28 18:19:59] INFO in auth: Gebruiker uitgelogd: david@gmail.com
[2025-12-28 19:03:28] INFO in logger_config: Application startup
[2025-12-28 19:03:40] INFO in security_utils: Audit: Gebruiker 2 voerde LOGIN uit op USER 2
[2025-12-28 19:03:40] INFO in auth: Succesvolle login: email@gmail.com
[2025-12-28 19:34:24] INFO in logger_config: Application startup
[2025-12-28 19:55:13] INFO in logger_config: Application startup
[2025-12-28 19:56:10] WARNING in auth: Login poging met niet-bestaand e-mailadres: zaproxy@example.com
[2025-12-29 19:07:18] INFO in logger_config: Application startup
[2025-12-29 19:07:33] WARNING in auth: Foutieve wachtwoord poging voor: email@gmail.com
[2025-12-29 19:07:38] INFO in security_utils: Audit: Gebruiker 2 voerde LOGIN uit op USER 2
[2025-12-29 19:07:38] INFO in auth: Succesvolle login: email@gmail.com
[2026-01-05 18:09:20] INFO in logger_config: Application startup
[2026-01-05 18:11:32] INFO in security_utils: Audit: Gebruiker 7 voerde SIGNUP uit op USER 7
[2026-01-05 18:11:32] INFO in auth: Nieuw account aangemaakt: mauri@gmail.com
[2026-01-05 18:12:42] INFO in security_utils: Audit: Gebruiker 7 voerde CREATE uit op PROJECT 22
[2026-01-05 18:12:51] INFO in security_utils: Audit: Gebruiker 7 voerde DELETE uit op PROJECT 22
[2026-01-05 18:12:51] INFO in views: Project verwijderd door mauri@gmail.com: 22
[2026-01-05 18:13:07] INFO in security_utils: Audit: Gebruiker 7 voerde CREATE uit op PROJECT 22
[2026-01-05 18:13:14] INFO in security_utils: Audit: Gebruiker 7 voerde UPDATE uit op PROJECT 22
[2026-01-05 18:14:17] INFO in security_utils: Audit: Gebruiker 7 voerde LOGOUT uit op USER 7
[2026-01-05 18:14:17] INFO in auth: Gebruiker uitgelogd: mauri@gmail.com
[2026-01-14 10:30:54] INFO in logger_config: Application startup
[2026-01-14 10:35:13] INFO in security_utils: Audit: Gebruiker 2 voerde LOGIN uit op USER 2
[2026-01-14 10:35:13] INFO in auth: Succesvolle login: email@gmail.com
[2026-01-14 10:35:35] INFO in security_utils: Audit: Gebruiker 2 voerde LOGOUT uit op USER 2
[2026-01-14 10:35:35] INFO in auth: Gebruiker uitgelogd: email@gmail.com
[2026-01-14 10:37:20] INFO in security_utils: Audit: Gebruiker 2 voerde LOGIN uit op USER 2
[2026-01-14 10:37:20] INFO in auth: Succesvolle login: email@gmail.com
[2026-01-14 10:37:30] INFO in security_utils: Audit: Gebruiker 2 voerde LOGOUT uit op USER 2
[2026-01-14 10:37:30] INFO in auth: Gebruiker uitgelogd: email@gmail.com
[2026-01-14 10:37:52] WARNING in auth: Login poging met niet-bestaand e-mailadres: email@gnail.com
[2026-01-14 10:38:09] INFO in security_utils: Audit: Gebruiker 2 voerde LOGIN uit op USER 2
[2026-01-14 10:38:09] INFO in auth: Succesvolle login: email@gmail.com
[2026-01-14 10:38:48] INFO in security_utils: Audit: Gebruiker 2 voerde LOGOUT uit op USER 2
[2026-01-14 10:38:48] INFO in auth: Gebruiker uitgelogd: email@gmail.com
[2026-01-14 10:39:05] INFO in security_utils: Audit: Gebruiker 2 voerde LOGIN uit op USER 2
[2026-01-14 10:39:05] INFO in auth: Succesvolle login: email@gmail.com
[2026-01-14 10:58:03] INFO in logger_config: Application startup
[2026-01-14 10:58:14] WARNING in auth: Foutieve wachtwoord poging voor: email@gmail.com
[2026-01-14 10:58:20] INFO in security_utils: Audit: Gebruiker 2 voerde LOGIN uit op USER 2
[2026-01-14 10:58:20] INFO in auth: Succesvolle login: email@gmail.com
[2026-01-14 11:05:31] INFO in logger_config: Application startup
[2026-01-14 11:05:40] INFO in logger_config: Application startup
[2026-01-14 11:06:43] INFO in logger_config: Application startup
[2026-01-14 11:06:56] WARNING in auth: Login poging met niet-bestaand e-mailadres: email@gmail.com
[2026-01-14 11:07:20] INFO in security_utils: Audit: Gebruiker 1 voerde SIGNUP uit op USER 1
[2026-01-14 11:07:20] INFO in auth: Nieuw account aangemaakt: mauricesinon@gmail.com
[2026-01-14 13:26:11] INFO in logger_config: Application startup
[2026-01-14 13:40:37] INFO in logger_config: Application startup
[2026-01-14 13:44:47] INFO in logger_config: Application startup
[2026-01-14 13:47:40] INFO in logger_config: Application startup
[2026-01-14 13:51:34] WARNING in auth: Login poging met niet-bestaand e-mailadres: email@gmail.com
[2026-01-14 13:51:48] INFO in security_utils: Audit: Gebruiker 1 voerde LOGIN uit op USER 1
[2026-01-14 13:51:48] INFO in auth: Succesvolle login: mauricesinon@gmail.com
[2026-01-14 13:54:22] INFO in security_utils: Audit: Gebruiker 2 voerde SIGNUP uit op USER 2
[2026-01-14 13:54:22] INFO in auth: Nieuw account aangemaakt: 25037102@student.hhs.nl
[2026-01-14 13:59:12] INFO in security_utils: Audit: Gebruiker 1 voerde CREATE uit op PROJECT 1
[2026-01-14 14:01:37] INFO in security_utils: Audit: Gebruiker 2 voerde CREATE uit op PROJECT 2
[2026-01-14 14:05:37] INFO in logger_config: Application startup
[2026-01-14 14:06:21] INFO in security_utils: Audit: Gebruiker 2 voerde LOGIN uit op USER 2
[2026-01-14 14:06:21] INFO in auth: Succesvolle login: 25037102@student.hhs.nl
[2026-01-14 14:06:41] INFO in security_utils: Audit: Gebruiker 2 voerde LOGOUT uit op USER 2
[2026-01-14 14:06:41] INFO in auth: Gebruiker uitgelogd: 25037102@student.hhs.nl
[2026-01-14 14:09:53] INFO in security_utils: Audit: Gebruiker 1 voerde LOGIN uit op USER 1
[2026-01-14 14:09:53] INFO in auth: Succesvolle login: mauricesinon@gmail.com
[2026-01-14 14:28:02] INFO in security_utils: Audit: Gebruiker 2 voerde LOGIN uit op USER 2
[2026-01-14 14:28:02] INFO in auth: Succesvolle login: 25037102@student.hhs.nl
[2026-01-14 14:29:01] INFO in security_utils: Audit: Gebruiker 2 voerde CREATE uit op PROJECT 3
[2026-01-14 14:29:46] INFO in security_utils: Audit: Gebruiker 2 voerde UPDATE uit op PROJECT 3
[2026-01-14 14:31:57] INFO in security_utils: Audit: Gebruiker 2 voerde CREATE uit op PROJECT 4
[2026-01-14 14:38:21] INFO in security_utils: Audit: Gebruiker 2 voerde CREATE uit op PROJECT 5
[2026-01-14 14:38:42] INFO in security_utils: Audit: Gebruiker 2 voerde UPDATE uit op PROJECT 5
[2026-01-14 14:38:56] INFO in security_utils: Audit: Gebruiker 2 voerde UPDATE uit op PROJECT 5
[2026-01-14 14:40:56] INFO in security_utils: Audit: Gebruiker 1 voerde CREATE uit op PROJECT 6
[2026-01-14 14:41:22] INFO in security_utils: Audit: Gebruiker 3 voerde SIGNUP uit op USER 3
[2026-01-14 14:41:22] INFO in auth: Nieuw account aangemaakt: lukegierde@icloud.com
[2026-01-14 14:41:50] INFO in security_utils: Audit: Gebruiker 2 voerde DELETE uit op PROJECT 5
[2026-01-14 14:41:50] INFO in views: Project verwijderd door 25037102@student.hhs.nl: 5
[2026-01-14 14:43:01] INFO in security_utils: Audit: Gebruiker 3 voerde LOGIN uit op USER 3
[2026-01-14 14:43:01] INFO in auth: Succesvolle login: lukegierde@icloud.com
[2026-01-14 14:44:11] INFO in security_utils: Audit: Gebruiker 2 voerde UPDATE uit op PROJECT 4
[2026-01-14 14:44:56] INFO in security_utils: Audit: Gebruiker 3 voerde CREATE uit op PROJECT 7
[2026-01-14 14:46:15] INFO in security_utils: Audit: Gebruiker 1 voerde UPDATE uit op PROJECT 6
[2026-01-14 14:48:52] INFO in security_utils: Audit: Gebruiker 3 voerde CREATE uit op PROJECT 8
[2026-01-14 14:50:35] INFO in security_utils: Audit: Gebruiker 3 voerde LOGOUT uit op USER 3
[2026-01-14 14:50:35] INFO in auth: Gebruiker uitgelogd: lukegierde@icloud.com
[2026-01-14 15:45:17] INFO in logger_config: Application startup
[2026-01-14 15:46:13] INFO in security_utils: Audit: Gebruiker 1 voerde LOGIN uit op USER 1
[2026-01-14 15:46:13] INFO in auth: Succesvolle login: mauricesinon@gmail.com
[2026-01-14 15:47:10] INFO in security_utils: Audit: Gebruiker 1 voerde LOGOUT uit op USER 1
[2026-01-14 15:47:10] INFO in auth: Gebruiker uitgelogd: mauricesinon@gmail.com
[2026-01-14 15:47:27] INFO in security_utils: Audit: Gebruiker 1 voerde LOGIN uit op USER 1
[2026-01-14 15:47:27] INFO in auth: Succesvolle login: mauricesinon@gmail.com
[2026-01-14 15:48:27] INFO in security_utils: Audit: Gebruiker 1 voerde CREATE uit op PROJECT 9
[2026-01-14 15:49:13] INFO in security_utils: Audit: Gebruiker 1 voerde LOGOUT uit op USER 1
[2026-01-14 15:49:13] INFO in auth: Gebruiker uitgelogd: mauricesinon@gmail.com
[2026-01-14 18:32:52] INFO in logger_config: Application startup
[2026-01-14 18:33:49] WARNING in auth: Foutieve wachtwoord poging voor: mauricesinon@gmail.com
[2026-01-14 18:34:04] INFO in security_utils: Audit: Gebruiker 1 voerde LOGIN uit op USER 1
[2026-01-14 18:34:04] INFO in auth: Succesvolle login: mauricesinon@gmail.com
[2026-01-14 18:34:42] INFO in security_utils: Audit: Gebruiker 1 voerde CREATE uit op PROJECT 10
[2026-01-14 18:36:00] INFO in security_utils: Audit: Gebruiker 1 voerde DELETE uit op PROJECT 10
[2026-01-14 18:36:00] INFO in views: Project verwijderd door mauricesinon@gmail.com: 10
[2026-01-14 18:36:31] INFO in security_utils: Audit: Gebruiker 1 voerde LOGOUT uit op USER 1
[2026-01-14 18:36:31] INFO in auth: Gebruiker uitgelogd: mauricesinon@gmail.com
[2026-01-14 18:36:38] INFO in security_utils: Audit: Gebruiker 1 voerde LOGIN uit op USER 1
[2026-01-14 18:36:38] INFO in auth: Succesvolle login: mauricesinon@gmail.com
[2026-01-14 18:36:57] INFO in security_utils: Audit: Gebruiker 1 voerde LOGOUT uit op USER 1
[2026-01-14 18:36:57] INFO in auth: Gebruiker uitgelogd: mauricesinon@gmail.com
[2026-01-14 18:37:54] INFO in security_utils: Audit: Gebruiker 4 voerde SIGNUP uit op USER 4
[2026-01-14 18:37:54] INFO in auth: Nieuw account aangemaakt: maurice.sinon@gmail.com
[2026-01-14 18:38:46] INFO in security_utils: Audit: Gebruiker 4 voerde CREATE uit op PROJECT 10
[2026-01-14 18:39:46] INFO in security_utils: Audit: Gebruiker 4 voerde LOGOUT uit op USER 4
[2026-01-14 18:39:46] INFO in auth: Gebruiker uitgelogd: maurice.sinon@gmail.com
[2026-01-14 19:23:39] INFO in logger_config: Application startup
[2026-01-14 19:26:02] INFO in security_utils: Audit: Gebruiker 5 voerde SIGNUP uit op USER 5
[2026-01-14 19:26:02] INFO in auth: Nieuw account aangemaakt: maurice.sinon123@gmail.com
[2026-01-14 19:27:01] INFO in security_utils: Audit: Gebruiker 5 voerde CREATE uit op PROJECT 11
[2026-01-14 19:28:16] INFO in security_utils: Audit: Gebruiker 5 voerde LOGOUT uit op USER 5
[2026-01-14 19:28:16] INFO in auth: Gebruiker uitgelogd: maurice.sinon123@gmail.com
[2026-01-16 16:01:46] INFO in logger_config: Application startup
[2026-01-16 16:01:59] INFO in security_utils: Audit: Gebruiker 5 voerde LOGIN uit op USER 5
[2026-01-16 16:01:59] INFO in auth: Succesvolle login: maurice.sinon123@gmail.com
[2026-01-16 16:03:04] INFO in security_utils: Audit: Gebruiker 5 voerde CREATE uit op PROJECT 12
[2026-01-16 16:10:55] INFO in logger_config: Application startup
[2026-01-16 16:11:03] INFO in security_utils: Audit: Gebruiker 5 voerde LOGIN uit op USER 5
[2026-01-16 16:11:03] INFO in auth: Succesvolle login: maurice.sinon123@gmail.com
[2026-01-16 16:11:52] INFO in security_utils: Audit: Gebruiker 5 voerde LOGOUT uit op USER 5
[2026-01-16 16:11:52] INFO in auth: Gebruiker uitgelogd: maurice.sinon123@gmail.com
